c:\users\kingspoon\desktop\the ultimate wepon - copy - copy\battleshipbot\battleshipbot\debug\battleshipbot.pch
c:\users\kingspoon\desktop\the ultimate wepon - copy - copy\battleshipbot\battleshipbot\debug\vc120.pdb
c:\users\kingspoon\desktop\the ultimate wepon - copy - copy\battleshipbot\battleshipbot\debug\vc120.idb
c:\users\kingspoon\desktop\the ultimate wepon - copy - copy\battleshipbot\battleshipbot\debug\stdafx.obj
c:\users\kingspoon\desktop\the ultimate wepon - copy - copy\battleshipbot\battleshipbot\debug\battleshipbot.obj
\\nstu-uwe04\users4$\trw2-hughes\windows\desktop\the ultimate wepon - copy - copy\battleshipbot\battleshipbot\debug\battleshipbot.pch
\\nstu-uwe04\users4$\trw2-hughes\windows\desktop\the ultimate wepon - copy - copy\battleshipbot\battleshipbot\debug\stdafx.obj
\\nstu-uwe04\users4$\trw2-hughes\windows\desktop\the ultimate wepon - copy - copy\battleshipbot\battleshipbot\debug\vc120.pdb
\\nstu-uwe04\users4$\trw2-hughes\windows\desktop\the ultimate wepon - copy - copy\battleshipbot\battleshipbot\debug\vc120.idb
\\nstu-uwe04\users4$\trw2-hughes\windows\desktop\the ultimate wepon - copy - copy\battleshipbot\battleshipbot\debug\battleshipbot.obj
c:\users\kingspoon\desktop\the ultimate wepon - copy - copy\battleshipbot\debug\battleshipbot.ilk
c:\users\kingspoon\desktop\the ultimate wepon - copy - copy\battleshipbot\debug\battleshipbot.exe
c:\users\kingspoon\desktop\the ultimate wepon - copy - copy\battleshipbot\debug\battleshipbot.pdb
\\nstu-uwe04\users4$\trw2-hughes\windows\desktop\the ultimate wepon - copy - copy\battleshipbot\debug\battleshipbot.ilk
\\nstu-uwe04\users4$\trw2-hughes\windows\desktop\the ultimate wepon - copy - copy\battleshipbot\debug\battleshipbot.exe
\\nstu-uwe04\users4$\trw2-hughes\windows\desktop\the ultimate wepon - copy - copy\battleshipbot\debug\battleshipbot.pdb
\\nstu-uwe04\users4$\trw2-hughes\windows\desktop\the ultimate wepon - copy - copy\battleshipbot\battleshipbot\debug\battleshipbot.tlog\cl.command.1.tlog
\\nstu-uwe04\users4$\trw2-hughes\windows\desktop\the ultimate wepon - copy - copy\battleshipbot\battleshipbot\debug\battleshipbot.tlog\cl.read.1.tlog
\\nstu-uwe04\users4$\trw2-hughes\windows\desktop\the ultimate wepon - copy - copy\battleshipbot\battleshipbot\debug\battleshipbot.tlog\cl.write.1.tlog
\\nstu-uwe04\users4$\trw2-hughes\windows\desktop\the ultimate wepon - copy - copy\battleshipbot\battleshipbot\debug\battleshipbot.tlog\link.command.1.tlog
\\nstu-uwe04\users4$\trw2-hughes\windows\desktop\the ultimate wepon - copy - copy\battleshipbot\battleshipbot\debug\battleshipbot.tlog\link.read.1.tlog
\\nstu-uwe04\users4$\trw2-hughes\windows\desktop\the ultimate wepon - copy - copy\battleshipbot\battleshipbot\debug\battleshipbot.tlog\link.write.1.tlog
